<?xml version="1.0" encoding="UTF-8"?>
<testsuite name="JUnit Jupiter" tests="2" skipped="0" failures="0" errors="0" time="0.067" hostname="Steves-MacBook-Air.local" timestamp="2018-08-16T00:22:07">
<properties>
[...]
</properties>
<testcase name="constructor_grid_6()" classname="judoku.GridTest" time="0.013">
<system-out><![CDATA[
unique-id: [engine:junit-jupiter]/[class:judoku.GridTest]/[method:constructor_grid_6()]
display-name: constructor_grid_6()
]]></system-out>
</testcase>
<testcase name="constructor_grid_9()" classname="judoku.GridTest" time="0.003">
<system-out><![CDATA[
unique-id: [engine:junit-jupiter]/[class:judoku.GridTest]/[method:constructor_grid_9()]
display-name: constructor_grid_9()
]]></system-out>
</testcase>
<system-out><![CDATA[
unique-id: [engine:junit-jupiter]
display-name: JUnit Jupiter
]]></system-out>
</testsuite>
